#
# A fatal error has been detected by the Java Runtime Environment:
#
#  SIGSEGV (0xb) at pc=0x00007fff90425c2c, pid=33940, tid=17167
#
# JRE version: Java(TM) SE Runtime Environment (8.0_11-b12) (build 1.8.0_11-b12)
# Java VM: Java HotSpot(TM) 64-Bit Server VM (25.11-b03 mixed mode bsd-amd64 compressed oops)
# Problematic frame:
# C  [libsystem_platform.dylib+0x3c2c]  _platform_memmove$VARIANT$Unknown+0x12c
#
# Failed to write core dump. Core dumps have been disabled. To enable core dumping, try "ulimit -c unlimited" before starting Java again
#
# If you would like to submit a bug report, please visit:
#   http://bugreport.sun.com/bugreport/crash.jsp
# The crash happened outside the Java Virtual Machine in native code.
# See problematic frame for where to report the bug.
#

---------------  T H R E A D  ---------------

Current thread (0x00007fdb50852000):  JavaThread "1147428035@qtp-1437983537-3" [_thread_in_native, id=17167, stack(0x0000000118a45000,0x0000000118b45000)]

siginfo:si_signo=SIGSEGV: si_errno=0, si_code=1 (SEGV_MAPERR), si_addr=0x000000011788d000

Registers:
RAX=0x00007fdb51245e02, RBX=0x000000011788172d, RCX=0x000000000000001e, RDX=0x0000000000001007
RSP=0x0000000118b433a0, RBP=0x0000000118b433a0, RSI=0x000000011788cfdd, RDI=0x00007fdb5124b220
R8 =0x00007fdb5123c400, R9 =0x000000000000000d, R10=0x0000000000001a00, R11=0x00007fda399be243
R12=0x0000000000000000, R13=0x0000000008000000, R14=0x0000000065626d65, R15=0x0000000000006465
RIP=0x00007fff90425c2c, EFLAGS=0x0000000000010202, ERR=0x0000000000000004
  TRAPNO=0x000000000000000e

Top of Stack: (sp=0x0000000118b433a0)
0x0000000118b433a0:   0000000118b43410 00000001003a91ac
0x0000000118b433b0:   0000006550852000 0000000000000064
0x0000000118b433c0:   0000000000006a2e 00007fdb51235e00
0x0000000118b433d0:   0000000000006464 00007fdb4be8c600
0x0000000118b433e0:   00007fdb4be8b070 0000000022d33e88
0x0000000118b433f0:   00000000000000e0 00007fdb4be8c740
0x0000000118b43400:   00007fdb4be8c600 00007fdb4bcf6f60
0x0000000118b43410:   0000000118b43460 00000001003a9654
0x0000000118b43420:   0000000000000012 0000001250852000
0x0000000118b43430:   0000000118b4347e 0000000118b438c8
0x0000000118b43440:   0000000000000012 0000000118b4347e
0x0000000118b43450:   00007fdb4be8c600 00007fdb508521e0
0x0000000118b43460:   0000000118b438b0 00000001003a849f
0x0000000118b43470:   00000007ab9e2580 6666000100000001
0x0000000118b43480:   6c706d65742d6a34 6c6d74682e657461
0x0000000118b43490:   0000000114558c00 00000000000000cb
0x0000000118b434a0:   0000000114558c28 00000000ffffffff
0x0000000118b434b0:   00000007ab9e2410 0000000114558c28
0x0000000118b434c0:   0000000118b438f0 00000001025c1a74
0x0000000118b434d0:   0000000000000005 0000000102afe074
0x0000000118b434e0:   0000000000000000 00000007ab9e2568
0x0000000118b434f0:   0000000000000000 0000000000000000
0x0000000118b43500:   0000000118b43590 0000000101793846
0x0000000118b43510:   00000007c0002368 0000000114558c28
0x0000000118b43520:   00007fdb50852000 0000000101792493
0x0000000118b43530:   00007fdb00000001 00007fdb50852000
0x0000000118b43540:   00007fdb00000001 00000001144062d8
0x0000000118b43550:   0000000118b43570 0000000114558c28
0x0000000118b43560:   0000000114558c28 00000001144062d8
0x0000000118b43570:   0000000000000001 0000000114558c28
0x0000000118b43580:   0000000118b436d8 0000000118b43998
0x0000000118b43590:   000000010000005a 0000000780b78f18 

Instructions: (pc=0x00007fff90425c2c)
0x00007fff90425c0c:   80 00 00 00 76 4e 48 f7 c6 1f 00 00 00 74 25 c5
0x00007fff90425c1c:   fc 29 0f c5 fc 29 57 20 48 83 c7 40 c5 fc 10 0e
0x00007fff90425c2c:   c5 fc 10 56 20 48 83 c6 40 48 83 ea 40 77 e0 eb
0x00007fff90425c3c:   23 0f 1f 00 c5 fc 29 0f c5 fc 29 57 20 48 83 c7 

Register to memory mapping:

RAX=0x00007fdb51245e02 is an unknown value
RBX=0x000000011788172d is an unknown value
RCX=0x000000000000001e is an unknown value
RDX=0x0000000000001007 is an unknown value
RSP=0x0000000118b433a0 is pointing into the stack for thread: 0x00007fdb50852000
RBP=0x0000000118b433a0 is pointing into the stack for thread: 0x00007fdb50852000
RSI=0x000000011788cfdd is an unknown value
RDI=0x00007fdb5124b220 is an unknown value
R8 =0x00007fdb5123c400 is an unknown value
R9 =0x000000000000000d is an unknown value
R10=0x0000000000001a00 is an unknown value
R11=0x00007fda399be243 is an unknown value
R12=0x0000000000000000 is an unknown value
R13=0x0000000008000000 is an unknown value
R14=0x0000000065626d65 is an unknown value
R15=0x0000000000006465 is an unknown value


Stack: [0x0000000118a45000,0x0000000118b45000],  sp=0x0000000118b433a0,  free space=1016k
Native frames: (J=compiled Java code, j=interpreted, Vv=VM code, C=native code)
C  [libsystem_platform.dylib+0x3c2c]  _platform_memmove$VARIANT$Unknown+0x12c
C  [libzip.dylib+0x31ac]  newEntry+0x31a
C  [libzip.dylib+0x3654]  ZIP_GetEntry+0xa2
C  [libzip.dylib+0x249f]  Java_java_util_zip_ZipFile_getEntry+0xdd
J 121  java.util.zip.ZipFile.getEntry(J[BZ)J (0 bytes) @ 0x000000010240550e [0x0000000102405440+0xce]

Java frames: (J=compiled Java code, j=interpreted, Vv=VM code)
J 121  java.util.zip.ZipFile.getEntry(J[BZ)J (0 bytes) @ 0x0000000102405498 [0x0000000102405440+0x58]
J 1721 C2 java.util.jar.JarFile.getEntry(Ljava/lang/String;)Ljava/util/zip/ZipEntry; (22 bytes) @ 0x000000010285a58c [0x000000010285a220+0x36c]
j  sun.net.www.protocol.jar.URLJarFile.getEntry(Ljava/lang/String;)Ljava/util/zip/ZipEntry;+2
j  sun.net.www.protocol.jar.JarURLConnection.connect()V+62
j  sun.net.www.protocol.jar.JarURLConnection.getInputStream()Ljava/io/InputStream;+1
j  java.net.URLClassLoader.getResourceAsStream(Ljava/lang/String;)Ljava/io/InputStream;+18
j  org.ff4j.web.embedded.ConsoleRenderer.loadFileAsString(Ljava/lang/String;)Ljava/lang/String;+6
j  org.ff4j.web.embedded.ConsoleRenderer.renderTemplate(Ljavax/servlet/http/HttpServletRequest;)Ljava/lang/String;+51
j  org.ff4j.web.embedded.ConsoleServlet.renderPage(Ljavax/servlet/http/HttpServletRequest;Ljavax/servlet/http/HttpServletResponse;Ljava/lang/String;Ljava/lang/String;)V+17
j  org.ff4j.web.embedded.ConsoleServlet.doGet(Ljavax/servlet/http/HttpServletRequest;Ljavax/servlet/http/HttpServletResponse;)V+334
j  javax.servlet.http.HttpServlet.service(Ljavax/servlet/http/HttpServletRequest;Ljavax/servlet/http/HttpServletResponse;)V+35
j  javax.servlet.http.HttpServlet.service(Ljavax/servlet/ServletRequest;Ljavax/servlet/ServletResponse;)V+30
j  org.mortbay.jetty.servlet.ServletHolder.handle(Ljavax/servlet/ServletRequest;Ljavax/servlet/ServletResponse;)V+176
j  org.mortbay.jetty.servlet.ServletHandler.handle(Ljava/lang/String;Ljavax/servlet/http/HttpServletRequest;Ljavax/servlet/http/HttpServletResponse;I)V+477
j  org.mortbay.jetty.security.SecurityHandler.handle(Ljava/lang/String;Ljavax/servlet/http/HttpServletRequest;Ljavax/servlet/http/HttpServletResponse;I)V+299
j  org.mortbay.jetty.servlet.SessionHandler.handle(Ljava/lang/String;Ljavax/servlet/http/HttpServletRequest;Ljavax/servlet/http/HttpServletResponse;I)V+225
j  org.mortbay.jetty.handler.ContextHandler.handle(Ljava/lang/String;Ljavax/servlet/http/HttpServletRequest;Ljavax/servlet/http/HttpServletResponse;I)V+721
j  org.mortbay.jetty.webapp.WebAppContext.handle(Ljava/lang/String;Ljavax/servlet/http/HttpServletRequest;Ljavax/servlet/http/HttpServletResponse;I)V+53
j  org.mortbay.jetty.handler.ContextHandlerCollection.handle(Ljava/lang/String;Ljavax/servlet/http/HttpServletRequest;Ljavax/servlet/http/HttpServletResponse;I)V+373
j  org.mortbay.jetty.handler.HandlerCollection.handle(Ljava/lang/String;Ljavax/servlet/http/HttpServletRequest;Ljavax/servlet/http/HttpServletResponse;I)V+42
j  org.mortbay.jetty.handler.HandlerWrapper.handle(Ljava/lang/String;Ljavax/servlet/http/HttpServletRequest;Ljavax/servlet/http/HttpServletResponse;I)V+23
j  org.mortbay.jetty.Server.handle(Lorg/mortbay/jetty/HttpConnection;)V+110
j  org.mortbay.jetty.HttpConnection.handleRequest()V+137
j  org.mortbay.jetty.HttpConnection$RequestHandler.headerComplete()V+512
j  org.mortbay.jetty.HttpParser.parseNext()J+1797
j  org.mortbay.jetty.HttpParser.parseAvailable()J+1
j  org.mortbay.jetty.HttpConnection.handle()V+122
j  org.mortbay.io.nio.SelectChannelEndPoint.run()V+4
j  org.mortbay.thread.QueuedThreadPool$PoolThread.run()V+25
v  ~StubRoutines::call_stub

---------------  P R O C E S S  ---------------

Java Threads: ( => current thread )
  0x00007fdb4c052800 JavaThread "Timer-2" daemon [_thread_blocked, id=24327, stack(0x0000000118d9c000,0x0000000118e9c000)]
  0x00007fdb50854000 JavaThread "335329586@qtp-1437983537-4" [_thread_blocked, id=26115, stack(0x0000000118b48000,0x0000000118c48000)]
=>0x00007fdb50852000 JavaThread "1147428035@qtp-1437983537-3" [_thread_in_native, id=17167, stack(0x0000000118a45000,0x0000000118b45000)]
  0x00007fdb4de67000 JavaThread "Timer-1" daemon [_thread_blocked, id=25347, stack(0x00000001194f1000,0x00000001195f1000)]
  0x00007fdb4cf65000 JavaThread "StopJettyPluginMonitor" daemon [_thread_in_native, id=24835, stack(0x00000001193ee000,0x00000001194ee000)]
  0x00007fdb4f101800 JavaThread "1164622694@qtp-1437983537-1 - Acceptor0 SelectChannelConnector@0.0.0.0:8181" [_thread_in_native, id=23811, stack(0x0000000119f7c000,0x000000011a07c000)]
  0x00007fdb4e06d000 JavaThread "Service Thread" daemon [_thread_blocked, id=22275, stack(0x000000011746b000,0x000000011756b000)]
  0x00007fdb4c812000 JavaThread "C1 CompilerThread3" daemon [_thread_blocked, id=21763, stack(0x0000000117368000,0x0000000117468000)]
  0x00007fdb4d802800 JavaThread "C2 CompilerThread2" daemon [_thread_blocked, id=21251, stack(0x0000000117265000,0x0000000117365000)]
  0x00007fdb4c012000 JavaThread "C2 CompilerThread1" daemon [_thread_blocked, id=20739, stack(0x0000000117162000,0x0000000117262000)]
  0x00007fdb4e06c800 JavaThread "C2 CompilerThread0" daemon [_thread_blocked, id=20227, stack(0x000000011705f000,0x000000011715f000)]
  0x00007fdb4e06b800 JavaThread "Signal Dispatcher" daemon [_thread_blocked, id=19715, stack(0x0000000116f5c000,0x000000011705c000)]
  0x00007fdb4d800800 JavaThread "Finalizer" daemon [_thread_blocked, id=14595, stack(0x0000000116d1a000,0x0000000116e1a000)]
  0x00007fdb4e804000 JavaThread "Reference Handler" daemon [_thread_blocked, id=14083, stack(0x0000000116c17000,0x0000000116d17000)]
  0x00007fdb4c801000 JavaThread "main" [_thread_blocked, id=6403, stack(0x0000000100258000,0x0000000100358000)]

Other Threads:
  0x00007fdb4e04f800 VMThread [stack: 0x0000000116b14000,0x0000000116c14000] [id=13571]
  0x00007fdb4e02f000 WatcherThread [stack: 0x000000011756e000,0x000000011766e000] [id=22787]

VM state:not at safepoint (normal execution)

VM Mutex/Monitor currently owned by a thread: None

Heap:
 PSYoungGen      total 96768K, used 40047K [0x00000007aab00000, 0x00000007b0f80000, 0x00000007c0000000)
  eden space 91648K, 42% used [0x00000007aab00000,0x00000007ad17be80,0x00000007b0480000)
  from space 5120K, 12% used [0x00000007b0980000,0x00000007b0a20010,0x00000007b0e80000)
  to   space 5120K, 0% used [0x00000007b0480000,0x00000007b0480000,0x00000007b0980000)
 ParOldGen       total 522752K, used 13093K [0x0000000780000000, 0x000000079fe80000, 0x00000007aab00000)
  object space 522752K, 2% used [0x0000000780000000,0x0000000780cc95d8,0x000000079fe80000)
 Metaspace       used 24406K, capacity 24898K, committed 25088K, reserved 1071104K
  class space    used 3090K, capacity 3267K, committed 3328K, reserved 1048576K

Card table byte_map: [0x0000000111681000,0x0000000111882000] byte_map_base: 0x000000010da81000

Marking Bits: (ParMarkBitMap*) 0x0000000101c670a0
 Begin Bits: [0x00000001121f0000, 0x00000001131f0000)
 End Bits:   [0x00000001131f0000, 0x00000001141f0000)

Polling page: 0x000000010039c000

CodeCache: size=245760Kb used=10557Kb max_used=10664Kb free=235202Kb
 bounds [0x00000001022c1000, 0x0000000102d41000, 0x00000001112c1000]
 total_blobs=3625 nmethods=3262 adapters=278
 compilation: enabled

Compilation events (10 events):
Event: 67,612 Thread 0x00007fdb4d802800 3381       4       java.net.URLClassLoader$1::run (5 bytes)
Event: 67,612 Thread 0x00007fdb4d802800 nmethod 3381 0x0000000102cfa590 code [0x0000000102cfa6e0, 0x0000000102cfa768]
Event: 67,612 Thread 0x00007fdb4d802800 3367       4       java.util.jar.JarFile::maybeInstantiateVerifier (96 bytes)
Event: 67,617 Thread 0x00007fdb4d802800 nmethod 3367 0x0000000102d12ad0 code [0x0000000102d12c60, 0x0000000102d13078]
Event: 67,617 Thread 0x00007fdb4d802800 3382       4       java.util.Date::getTime (5 bytes)
Event: 67,617 Thread 0x00007fdb4d802800 nmethod 3382 0x0000000102d13490 code [0x0000000102d135e0, 0x0000000102d13688]
Event: 67,624 Thread 0x00007fdb4e06c800 nmethod 3298 0x0000000102d1fd90 code [0x0000000102d20220, 0x0000000102d25160]
Event: 67,641 Thread 0x00007fdb4c012000 nmethod 3291 0x0000000102d31310 code [0x0000000102d322a0, 0x0000000102d39008]
Event: 71,597 Thread 0x00007fdb4c812000 3384       3       org.mortbay.util.LazyList::size (25 bytes)
Event: 71,597 Thread 0x00007fdb4c812000 nmethod 3384 0x0000000102d123d0 code [0x0000000102d12560, 0x0000000102d129e8]

GC Heap History (10 events):
Event: 7,068 GC heap before
{Heap before GC invocations=19 (full 1):
 PSYoungGen      total 52736K, used 48592K [0x00000007aab00000, 0x00000007af780000, 0x00000007c0000000)
  eden space 48640K, 99% used [0x00000007aab00000,0x00000007ada741a0,0x00000007ada80000)
  from space 4096K, 0% used [0x00000007ada80000,0x00000007ada80000,0x00000007ade80000)
  to   space 5120K, 0% used [0x00000007af280000,0x00000007af280000,0x00000007af780000)
 ParOldGen       total 522752K, used 11703K [0x0000000780000000, 0x000000079fe80000, 0x00000007aab00000)
  object space 522752K, 2% used [0x0000000780000000,0x0000000780b6df50,0x000000079fe80000)
 Metaspace       used 23240K, capacity 23728K, committed 24064K, reserved 1071104K
  class space    used 2899K, capacity 3066K, committed 3072K, reserved 1048576K
Event: 7,073 GC heap after
Heap after GC invocations=19 (full 1):
 PSYoungGen      total 59392K, used 2908K [0x00000007aab00000, 0x00000007af580000, 0x00000007c0000000)
  eden space 56320K, 0% used [0x00000007aab00000,0x00000007aab00000,0x00000007ae200000)
  from space 3072K, 94% used [0x00000007af280000,0x00000007af5571b0,0x00000007af580000)
  to   space 5120K, 0% used [0x00000007aeb80000,0x00000007aeb80000,0x00000007af080000)
 ParOldGen       total 522752K, used 11711K [0x0000000780000000, 0x000000079fe80000, 0x00000007aab00000)
  object space 522752K, 2% used [0x0000000780000000,0x0000000780b6ff50,0x000000079fe80000)
 Metaspace       used 23240K, capacity 23728K, committed 24064K, reserved 1071104K
  class space    used 2899K, capacity 3066K, committed 3072K, reserved 1048576K
}
Event: 7,080 GC heap before
{Heap before GC invocations=20 (full 1):
 PSYoungGen      total 59392K, used 59219K [0x00000007aab00000, 0x00000007af580000, 0x00000007c0000000)
  eden space 56320K, 99% used [0x00000007aab00000,0x00000007ae1fddb8,0x00000007ae200000)
  from space 3072K, 94% used [0x00000007af280000,0x00000007af5571b0,0x00000007af580000)
  to   space 5120K, 0% used [0x00000007aeb80000,0x00000007aeb80000,0x00000007af080000)
 ParOldGen       total 522752K, used 11711K [0x0000000780000000, 0x000000079fe80000, 0x00000007aab00000)
  object space 522752K, 2% used [0x0000000780000000,0x0000000780b6ff50,0x000000079fe80000)
 Metaspace       used 23246K, capacity 23728K, committed 24064K, reserved 1071104K
  class space    used 2899K, capacity 3066K, committed 3072K, reserved 1048576K
Event: 7,082 GC heap after
Heap after GC invocations=20 (full 1):
 PSYoungGen      total 71168K, used 1559K [0x00000007aab00000, 0x00000007afa80000, 0x00000007c0000000)
  eden space 66048K, 0% used [0x00000007aab00000,0x00000007aab00000,0x00000007aeb80000)
  from space 5120K, 30% used [0x00000007aeb80000,0x00000007aed05da8,0x00000007af080000)
  to   space 5120K, 0% used [0x00000007af580000,0x00000007af580000,0x00000007afa80000)
 ParOldGen       total 522752K, used 11711K [0x0000000780000000, 0x000000079fe80000, 0x00000007aab00000)
  object space 522752K, 2% used [0x0000000780000000,0x0000000780b6ff50,0x000000079fe80000)
 Metaspace       used 23246K, capacity 23728K, committed 24064K, reserved 1071104K
  class space    used 2899K, capacity 3066K, committed 3072K, reserved 1048576K
}
Event: 7,094 GC heap before
{Heap before GC invocations=21 (full 1):
 PSYoungGen      total 71168K, used 67548K [0x00000007aab00000, 0x00000007afa80000, 0x00000007c0000000)
  eden space 66048K, 99% used [0x00000007aab00000,0x00000007aeb71440,0x00000007aeb80000)
  from space 5120K, 30% used [0x00000007aeb80000,0x00000007aed05da8,0x00000007af080000)
  to   space 5120K, 0% used [0x00000007af580000,0x00000007af580000,0x00000007afa80000)
 ParOldGen       total 522752K, used 11711K [0x0000000780000000, 0x000000079fe80000, 0x00000007aab00000)
  object space 522752K, 2% used [0x0000000780000000,0x0000000780b6ff50,0x000000079fe80000)
 Metaspace       used 23249K, capacity 23728K, committed 24064K, reserved 1071104K
  class space    used 2899K, capacity 3066K, committed 3072K, reserved 1048576K
Event: 7,096 GC heap after
Heap after GC invocations=21 (full 1):
 PSYoungGen      total 76288K, used 64K [0x00000007aab00000, 0x00000007b0800000, 0x00000007c0000000)
  eden space 71168K, 0% used [0x00000007aab00000,0x00000007aab00000,0x00000007af080000)
  from space 5120K, 1% used [0x00000007af580000,0x00000007af590000,0x00000007afa80000)
  to   space 5120K, 0% used [0x00000007af080000,0x00000007af080000,0x00000007af580000)
 ParOldGen       total 522752K, used 13077K [0x0000000780000000, 0x000000079fe80000, 0x00000007aab00000)
  object space 522752K, 2% used [0x0000000780000000,0x0000000780cc55d8,0x000000079fe80000)
 Metaspace       used 23249K, capacity 23728K, committed 24064K, reserved 1071104K
  class space    used 2899K, capacity 3066K, committed 3072K, reserved 1048576K
}
Event: 7,107 GC heap before
{Heap before GC invocations=22 (full 1):
 PSYoungGen      total 76288K, used 71228K [0x00000007aab00000, 0x00000007b0800000, 0x00000007c0000000)
  eden space 71168K, 99% used [0x00000007aab00000,0x00000007af07f248,0x00000007af080000)
  from space 5120K, 1% used [0x00000007af580000,0x00000007af590000,0x00000007afa80000)
  to   space 5120K, 0% used [0x00000007af080000,0x00000007af080000,0x00000007af580000)
 ParOldGen       total 522752K, used 13077K [0x0000000780000000, 0x000000079fe80000, 0x00000007aab00000)
  object space 522752K, 2% used [0x0000000780000000,0x0000000780cc55d8,0x000000079fe80000)
 Metaspace       used 23249K, capacity 23728K, committed 24064K, reserved 1071104K
  class space    used 2899K, capacity 3066K, committed 3072K, reserved 1048576K
Event: 7,108 GC heap after
Heap after GC invocations=22 (full 1):
 PSYoungGen      total 76288K, used 64K [0x00000007aab00000, 0x00000007b0e80000, 0x00000007c0000000)
  eden space 71168K, 0% used [0x00000007aab00000,0x00000007aab00000,0x00000007af080000)
  from space 5120K, 1% used [0x00000007af080000,0x00000007af090000,0x00000007af580000)
  to   space 5120K, 0% used [0x00000007b0980000,0x00000007b0980000,0x00000007b0e80000)
 ParOldGen       total 522752K, used 13085K [0x0000000780000000, 0x000000079fe80000, 0x00000007aab00000)
  object space 522752K, 2% used [0x0000000780000000,0x0000000780cc75d8,0x000000079fe80000)
 Metaspace       used 23249K, capacity 23728K, committed 24064K, reserved 1071104K
  class space    used 2899K, capacity 3066K, committed 3072K, reserved 1048576K
}
Event: 7,115 GC heap before
{Heap before GC invocations=23 (full 1):
 PSYoungGen      total 76288K, used 71232K [0x00000007aab00000, 0x00000007b0e80000, 0x00000007c0000000)
  eden space 71168K, 100% used [0x00000007aab00000,0x00000007af080000,0x00000007af080000)
  from space 5120K, 1% used [0x00000007af080000,0x00000007af090000,0x00000007af580000)
  to   space 5120K, 0% used [0x00000007b0980000,0x00000007b0980000,0x00000007b0e80000)
 ParOldGen       total 522752K, used 13085K [0x0000000780000000, 0x000000079fe80000, 0x00000007aab00000)
  object space 522752K, 2% used [0x0000000780000000,0x0000000780cc75d8,0x000000079fe80000)
 Metaspace       used 23249K, capacity 23728K, committed 24064K, reserved 1071104K
  class space    used 2899K, capacity 3066K, committed 3072K, reserved 1048576K
Event: 7,116 GC heap after
Heap after GC invocations=23 (full 1):
 PSYoungGen      total 96768K, used 640K [0x00000007aab00000, 0x00000007b0f80000, 0x00000007c0000000)
  eden space 91648K, 0% used [0x00000007aab00000,0x00000007aab00000,0x00000007b0480000)
  from space 5120K, 12% used [0x00000007b0980000,0x00000007b0a20010,0x00000007b0e80000)
  to   space 5120K, 0% used [0x00000007b0480000,0x00000007b0480000,0x00000007b0980000)
 ParOldGen       total 522752K, used 13093K [0x0000000780000000, 0x000000079fe80000, 0x00000007aab00000)
  object space 522752K, 2% used [0x0000000780000000,0x0000000780cc95d8,0x000000079fe80000)
 Metaspace       used 23249K, capacity 23728K, committed 24064K, reserved 1071104K
  class space    used 2899K, capacity 3066K, committed 3072K, reserved 1048576K
}

Deoptimization events (10 events):
Event: 6,956 Thread 0x00007fdb4cdc5800 Uncommon trap: reason=bimorphic action=maybe_recompile pc=0x00000001027df318 method=java.util.regex.Pattern$5.isSatisfiedBy(I)Z @ 5
Event: 6,956 Thread 0x00007fdb4cdc5800 Uncommon trap: reason=bimorphic action=maybe_recompile pc=0x00000001027df318 method=java.util.regex.Pattern$5.isSatisfiedBy(I)Z @ 5
Event: 6,968 Thread 0x00007fdb4cdc5800 Uncommon trap: reason=unreached action=reinterpret pc=0x00000001024fc91c method=java.lang.AbstractStringBuilder.append(Ljava/lang/String;)Ljava/lang/AbstractStringBuilder; @ 1
Event: 67,450 Thread 0x00007fdb4de67000 Uncommon trap: reason=class_check action=maybe_recompile pc=0x0000000102853b74 method=sun.misc.URLClassPath$JarLoader.ensureOpen()V @ 27
Event: 67,450 Thread 0x00007fdb4de67000 Uncommon trap: reason=unreached action=reinterpret pc=0x0000000102b2baa8 method=java.lang.ThreadLocal$ThreadLocalMap.getEntry(Ljava/lang/ThreadLocal;)Ljava/lang/ThreadLocal$ThreadLocalMap$Entry; @ 29
Event: 67,450 Thread 0x00007fdb4de67000 Uncommon trap: reason=unreached action=reinterpret pc=0x0000000102b2ac78 method=java.lang.ThreadLocal$ThreadLocalMap.getEntry(Ljava/lang/ThreadLocal;)Ljava/lang/ThreadLocal$ThreadLocalMap$Entry; @ 29
Event: 67,473 Thread 0x00007fdb4de67000 Uncommon trap: reason=null_check action=make_not_entrant pc=0x0000000102ca8908 method=com.sun.org.apache.xerces.internal.utils.XMLLimitAnalyzer.isTracking(Ljava/lang/String;)Z @ 14
Event: 67,473 Thread 0x00007fdb4de67000 Uncommon trap: reason=null_check action=make_not_entrant pc=0x0000000102c4ad00 method=com.sun.org.apache.xerces.internal.utils.XMLLimitAnalyzer.isTracking(Ljava/lang/String;)Z @ 14
Event: 67,599 Thread 0x00007fdb4de67000 Uncommon trap: reason=class_check action=maybe_recompile pc=0x0000000102b3c320 method=java.net.URLClassLoader.defineClass(Ljava/lang/String;Lsun/misc/Resource;)Ljava/lang/Class; @ 13
Event: 67,607 Thread 0x00007fdb4de67000 Uncommon trap: reason=class_check action=maybe_recompile pc=0x0000000102b3c320 method=java.net.URLClassLoader.defineClass(Ljava/lang/String;Lsun/misc/Resource;)Ljava/lang/Class; @ 13

Internal exceptions (10 events):
Event: 67,582 Thread 0x00007fdb4de67000 Exception <a 'java/security/PrivilegedActionException'> (0x00000007ace810c8) thrown at [/HUDSON3/workspace/8-2-build-macosx-x86_64/jdk8u11/648/hotspot/src/share/vm/prims/jvm.cpp, line 1248]
Event: 67,582 Thread 0x00007fdb4de67000 Exception <a 'java/security/PrivilegedActionException'> (0x00000007ace81db8) thrown at [/HUDSON3/workspace/8-2-build-macosx-x86_64/jdk8u11/648/hotspot/src/share/vm/prims/jvm.cpp, line 1248]
Event: 67,582 Thread 0x00007fdb4de67000 Exception <a 'java/security/PrivilegedActionException'> (0x00000007ace876a0) thrown at [/HUDSON3/workspace/8-2-build-macosx-x86_64/jdk8u11/648/hotspot/src/share/vm/prims/jvm.cpp, line 1248]
Event: 67,582 Thread 0x00007fdb4de67000 Exception <a 'java/security/PrivilegedActionException'> (0x00000007ace88fc8) thrown at [/HUDSON3/workspace/8-2-build-macosx-x86_64/jdk8u11/648/hotspot/src/share/vm/prims/jvm.cpp, line 1248]
Event: 67,582 Thread 0x00007fdb4de67000 Exception <a 'java/security/PrivilegedActionException'> (0x00000007ace8c858) thrown at [/HUDSON3/workspace/8-2-build-macosx-x86_64/jdk8u11/648/hotspot/src/share/vm/prims/jvm.cpp, line 1248]
Event: 67,582 Thread 0x00007fdb4de67000 Exception <a 'java/security/PrivilegedActionException'> (0x00000007ace8ec88) thrown at [/HUDSON3/workspace/8-2-build-macosx-x86_64/jdk8u11/648/hotspot/src/share/vm/prims/jvm.cpp, line 1248]
Event: 67,582 Thread 0x00007fdb4de67000 Exception <a 'java/security/PrivilegedActionException'> (0x00000007ace8f978) thrown at [/HUDSON3/workspace/8-2-build-macosx-x86_64/jdk8u11/648/hotspot/src/share/vm/prims/jvm.cpp, line 1248]
Event: 67,582 Thread 0x00007fdb4de67000 Exception <a 'java/lang/ClassNotFoundException': ch/qos/logback/classic/encoder/PatternLayoutEncoderCustomizer> (0x00000007ace90240) thrown at [/HUDSON3/workspace/8-2-build-macosx-x86_64/jdk8u11/648/hotspot/src/share/vm/classfile/systemDictionary.cpp, lin
Event: 67,602 Thread 0x00007fdb4de67000 Exception <a 'java/security/PrivilegedActionException'> (0x00000007ad0ea388) thrown at [/HUDSON3/workspace/8-2-build-macosx-x86_64/jdk8u11/648/hotspot/src/share/vm/prims/jvm.cpp, line 1248]
Event: 67,602 Thread 0x00007fdb4de67000 Exception <a 'java/security/PrivilegedActionException'> (0x00000007ad0f4100) thrown at [/HUDSON3/workspace/8-2-build-macosx-x86_64/jdk8u11/648/hotspot/src/share/vm/prims/jvm.cpp, line 1248]

Events (10 events):
Event: 71,597 Thread 0x00007fdb4c812000 flushing nmethod 0x0000000102423d50
Event: 71,597 Thread 0x00007fdb4c812000 flushing nmethod 0x000000010242ab90
Event: 71,597 Executing VM operation: RevokeBias
Event: 71,597 Executing VM operation: RevokeBias done
Event: 71,597 Executing VM operation: RevokeBias
Event: 71,597 Executing VM operation: RevokeBias done
Event: 71,597 Executing VM operation: RevokeBias
Event: 71,598 Executing VM operation: RevokeBias done
Event: 71,598 Executing VM operation: RevokeBias
Event: 71,598 Executing VM operation: RevokeBias done


Dynamic libraries:
0x00000000059e1000 	/System/Library/Frameworks/Cocoa.framework/Versions/A/Cocoa
0x00000000059e1000 	/System/Library/Frameworks/Security.framework/Versions/A/Security
0x00000000059e1000 	/System/Library/Frameworks/ApplicationServices.framework/Versions/A/ApplicationServices
0x00000000059e1000 	/usr/lib/libz.1.dylib
0x00000000059e1000 	/usr/lib/libSystem.B.dylib
0x00000000059e1000 	/usr/lib/libobjc.A.dylib
0x00000000059e1000 	/System/Library/Frameworks/CoreFoundation.framework/Versions/A/CoreFoundation
0x00000000059e1000 	/System/Library/Frameworks/Foundation.framework/Versions/C/Foundation
0x00000000059e1000 	/System/Library/Frameworks/AppKit.framework/Versions/C/AppKit
0x00000000059e1000 	/System/Library/Frameworks/CoreData.framework/Versions/A/CoreData
0x00000000059e1000 	/System/Library/PrivateFrameworks/RemoteViewServices.framework/Versions/A/RemoteViewServices
0x00000000059e1000 	/System/Library/Frameworks/AudioToolbox.framework/Versions/A/AudioToolbox
0x00000000059e1000 	/System/Library/Frameworks/AudioUnit.framework/Versions/A/AudioUnit
0x00000000059e1000 	/System/Library/PrivateFrameworks/DataDetectorsCore.framework/Versions/A/DataDetectorsCore
0x00000000059e1000 	/System/Library/PrivateFrameworks/DesktopServicesPriv.framework/Versions/A/DesktopServicesPriv
0x00000000059e1000 	/System/Library/Frameworks/Carbon.framework/Versions/A/Frameworks/HIToolbox.framework/Versions/A/HIToolbox
0x00000000059e1000 	/System/Library/Frameworks/QuartzCore.framework/Versions/A/QuartzCore
0x00000000059e1000 	/System/Library/Frameworks/Carbon.framework/Versions/A/Frameworks/SpeechRecognition.framework/Versions/A/SpeechRecognition
0x00000000059e1000 	/usr/lib/libauto.dylib
0x00000000059e1000 	/usr/lib/libicucore.A.dylib
0x00000000059e1000 	/usr/lib/libxml2.2.dylib
0x00000000059e1000 	/System/Library/PrivateFrameworks/CoreUI.framework/Versions/A/CoreUI
0x00000000059e1000 	/System/Library/Frameworks/CoreAudio.framework/Versions/A/CoreAudio
0x00000000059e1000 	/System/Library/Frameworks/DiskArbitration.framework/Versions/A/DiskArbitration
0x00000000059e1000 	/usr/lib/liblangid.dylib
0x00000000059e1000 	/System/Library/PrivateFrameworks/MultitouchSupport.framework/Versions/A/MultitouchSupport
0x00000000059e1000 	/System/Library/Frameworks/IOKit.framework/Versions/A/IOKit
0x00000000059e1000 	/usr/lib/libDiagnosticMessagesClient.dylib
0x00000000059e1000 	/System/Library/Frameworks/CoreServices.framework/Versions/A/CoreServices
0x00000000059e1000 	/System/Library/PrivateFrameworks/PerformanceAnalysis.framework/Versions/A/PerformanceAnalysis
0x00000000059e1000 	/System/Library/PrivateFrameworks/GenerationalStorage.framework/Versions/A/GenerationalStorage
0x00000000059e1000 	/System/Library/Frameworks/OpenGL.framework/Versions/A/OpenGL
0x00000000059e1000 	/System/Library/PrivateFrameworks/Sharing.framework/Versions/A/Sharing
0x00000000059e1000 	/System/Library/Frameworks/ImageIO.framework/Versions/A/ImageIO
0x00000000059e1000 	/System/Library/Frameworks/CoreText.framework/Versions/A/CoreText
0x00000000059e1000 	/System/Library/Frameworks/CoreGraphics.framework/Versions/A/CoreGraphics
0x00000000059e1000 	/System/Library/PrivateFrameworks/Backup.framework/Versions/A/Backup
0x00000000059e1000 	/System/Library/Frameworks/CFNetwork.framework/Versions/A/CFNetwork
0x00000000059e1000 	/System/Library/Frameworks/SystemConfiguration.framework/Versions/A/SystemConfiguration
0x00000000059e1000 	/usr/lib/libCRFSuite.dylib
0x00000000059e1000 	/usr/lib/libc++.1.dylib
0x00000000059e1000 	/usr/lib/libc++abi.dylib
0x00000000059e1000 	/usr/lib/system/libcache.dylib
0x00000000059e1000 	/usr/lib/system/libcommonCrypto.dylib
0x00000000059e1000 	/usr/lib/system/libcompiler_rt.dylib
0x00000000059e1000 	/usr/lib/system/libcopyfile.dylib
0x00000000059e1000 	/usr/lib/system/libcorecrypto.dylib
0x00000000059e1000 	/usr/lib/system/libdispatch.dylib
0x00000000059e1000 	/usr/lib/system/libdyld.dylib
0x00000000059e1000 	/usr/lib/system/libkeymgr.dylib
0x00000000059e1000 	/usr/lib/system/liblaunch.dylib
0x00000000059e1000 	/usr/lib/system/libmacho.dylib
0x00000000059e1000 	/usr/lib/system/libquarantine.dylib
0x00000000059e1000 	/usr/lib/system/libremovefile.dylib
0x00000000059e1000 	/usr/lib/system/libsystem_asl.dylib
0x00000000059e1000 	/usr/lib/system/libsystem_blocks.dylib
0x00000000059e1000 	/usr/lib/system/libsystem_c.dylib
0x00000000059e1000 	/usr/lib/system/libsystem_configuration.dylib
0x00000000059e1000 	/usr/lib/system/libsystem_dnssd.dylib
0x00000000059e1000 	/usr/lib/system/libsystem_info.dylib
0x00000000059e1000 	/usr/lib/system/libsystem_kernel.dylib
0x00000000059e1000 	/usr/lib/system/libsystem_m.dylib
0x00000000059e1000 	/usr/lib/system/libsystem_malloc.dylib
0x00000000059e1000 	/usr/lib/system/libsystem_network.dylib
0x00000000059e1000 	/usr/lib/system/libsystem_notify.dylib
0x00000000059e1000 	/usr/lib/system/libsystem_platform.dylib
0x00000000059e1000 	/usr/lib/system/libsystem_pthread.dylib
0x00000000059e1000 	/usr/lib/system/libsystem_sandbox.dylib
0x00000000059e1000 	/usr/lib/system/libsystem_stats.dylib
0x00000000059e1000 	/usr/lib/system/libunc.dylib
0x00000000059e1000 	/usr/lib/system/libunwind.dylib
0x00000000059e1000 	/usr/lib/system/libxpc.dylib
0x00000000059e1000 	/usr/lib/libbsm.0.dylib
0x00000000059e1000 	/usr/lib/libsqlite3.dylib
0x00000000059e1000 	/usr/lib/libxar.1.dylib
0x00000000059e1000 	/usr/lib/libpam.2.dylib
0x00000000059e1000 	/usr/lib/libOpenScriptingUtil.dylib
0x00000000059e1000 	/usr/lib/libbz2.1.0.dylib
0x00000000059e1000 	/System/Library/Frameworks/CoreServices.framework/Versions/A/Frameworks/CarbonCore.framework/Versions/A/CarbonCore
0x00000000059e1000 	/System/Library/Frameworks/CoreServices.framework/Versions/A/Frameworks/Metadata.framework/Versions/A/Metadata
0x00000000059e1000 	/System/Library/Frameworks/CoreServices.framework/Versions/A/Frameworks/OSServices.framework/Versions/A/OSServices
0x00000000059e1000 	/System/Library/Frameworks/CoreServices.framework/Versions/A/Frameworks/SearchKit.framework/Versions/A/SearchKit
0x00000000059e1000 	/System/Library/Frameworks/CoreServices.framework/Versions/A/Frameworks/AE.framework/Versions/A/AE
0x00000000059e1000 	/System/Library/Frameworks/CoreServices.framework/Versions/A/Frameworks/LaunchServices.framework/Versions/A/LaunchServices
0x00000000059e1000 	/System/Library/Frameworks/CoreServices.framework/Versions/A/Frameworks/DictionaryServices.framework/Versions/A/DictionaryServices
0x00000000059e1000 	/System/Library/Frameworks/NetFS.framework/Versions/A/NetFS
0x00000000059e1000 	/usr/lib/system/libkxld.dylib
0x00000000059e1000 	/System/Library/PrivateFrameworks/NetAuth.framework/Versions/A/NetAuth
0x00000000059e1000 	/System/Library/PrivateFrameworks/TCC.framework/Versions/A/TCC
0x00000000059e1000 	/System/Library/Frameworks/OpenDirectory.framework/Versions/A/Frameworks/CFOpenDirectory.framework/Versions/A/CFOpenDirectory
0x00000000059e1000 	/System/Library/Frameworks/ServiceManagement.framework/Versions/A/ServiceManagement
0x00000000059e1000 	/usr/lib/libxslt.1.dylib
0x00000000059e1000 	/System/Library/Frameworks/Carbon.framework/Versions/A/Frameworks/Ink.framework/Versions/A/Ink
0x00000000059e1000 	/System/Library/Frameworks/ApplicationServices.framework/Versions/A/Frameworks/ATS.framework/Versions/A/ATS
0x00000000059e1000 	/System/Library/Frameworks/ApplicationServices.framework/Versions/A/Frameworks/ColorSync.framework/Versions/A/ColorSync
0x00000000059e1000 	/System/Library/Frameworks/ApplicationServices.framework/Versions/A/Frameworks/HIServices.framework/Versions/A/HIServices
0x00000000059e1000 	/System/Library/Frameworks/ApplicationServices.framework/Versions/A/Frameworks/LangAnalysis.framework/Versions/A/LangAnalysis
0x00000000059e1000 	/System/Library/Frameworks/ApplicationServices.framework/Versions/A/Frameworks/PrintCore.framework/Versions/A/PrintCore
0x00000000059e1000 	/System/Library/Frameworks/ApplicationServices.framework/Versions/A/Frameworks/QD.framework/Versions/A/QD
0x00000000059e1000 	/System/Library/Frameworks/ApplicationServices.framework/Versions/A/Frameworks/SpeechSynthesis.framework/Versions/A/SpeechSynthesis
0x00000000059e1000 	/System/Library/Frameworks/IOSurface.framework/Versions/A/IOSurface
0x00000000059e1000 	/System/Library/Frameworks/Accelerate.framework/Versions/A/Accelerate
0x00000000059e1000 	/System/Library/Frameworks/Accelerate.framework/Versions/A/Frameworks/vImage.framework/Versions/A/vImage
0x00000000059e1000 	/System/Library/Frameworks/Accelerate.framework/Versions/A/Frameworks/vecLib.framework/Versions/A/vecLib
0x00000000059e1000 	/System/Library/Frameworks/Accelerate.framework/Versions/A/Frameworks/vecLib.framework/Versions/A/libvDSP.dylib
0x00000000059e1000 	/System/Library/Frameworks/Accelerate.framework/Versions/A/Frameworks/vecLib.framework/Versions/A/libvMisc.dylib
0x00000000059e1000 	/System/Library/Frameworks/Accelerate.framework/Versions/A/Frameworks/vecLib.framework/Versions/A/libLAPACK.dylib
0x00000000059e1000 	/System/Library/Frameworks/Accelerate.framework/Versions/A/Frameworks/vecLib.framework/Versions/A/libBLAS.dylib
0x00000000059e1000 	/System/Library/Frameworks/ApplicationServices.framework/Versions/A/Frameworks/ATS.framework/Versions/A/Resources/libFontParser.dylib
0x00000000059e1000 	/System/Library/Frameworks/ApplicationServices.framework/Versions/A/Frameworks/ATS.framework/Versions/A/Resources/libFontRegistry.dylib
0x00000000059e1000 	/System/Library/Frameworks/ImageIO.framework/Versions/A/Resources/libJPEG.dylib
0x00000000059e1000 	/System/Library/Frameworks/ImageIO.framework/Versions/A/Resources/libTIFF.dylib
0x00000000059e1000 	/System/Library/Frameworks/ImageIO.framework/Versions/A/Resources/libPng.dylib
0x00000000059e1000 	/System/Library/Frameworks/ImageIO.framework/Versions/A/Resources/libGIF.dylib
0x00000000059e1000 	/System/Library/Frameworks/ImageIO.framework/Versions/A/Resources/libJP2.dylib
0x00000000059e1000 	/System/Library/Frameworks/ImageIO.framework/Versions/A/Resources/libRadiance.dylib
0x00000000059e1000 	/usr/lib/libcups.2.dylib
0x00000000059e1000 	/System/Library/Frameworks/Kerberos.framework/Versions/A/Kerberos
0x00000000059e1000 	/System/Library/Frameworks/GSS.framework/Versions/A/GSS
0x00000000059e1000 	/usr/lib/libresolv.9.dylib
0x00000000059e1000 	/usr/lib/libiconv.2.dylib
0x00000000059e1000 	/System/Library/PrivateFrameworks/Heimdal.framework/Versions/A/Heimdal
0x00000000059e1000 	/System/Library/PrivateFrameworks/TrustEvaluationAgent.framework/Versions/A/TrustEvaluationAgent
0x00000000059e1000 	/usr/lib/libheimdal-asn1.dylib
0x00000000059e1000 	/System/Library/Frameworks/OpenDirectory.framework/Versions/A/OpenDirectory
0x00000000059e1000 	/System/Library/PrivateFrameworks/CommonAuth.framework/Versions/A/CommonAuth
0x00000000059e1000 	/System/Library/Frameworks/SecurityFoundation.framework/Versions/A/SecurityFoundation
0x00000000059e1000 	/System/Library/PrivateFrameworks/Bom.framework/Versions/A/Bom
0x00000000059e1000 	/System/Library/Frameworks/CoreVideo.framework/Versions/A/CoreVideo
0x00000000059e1000 	/System/Library/Frameworks/QuartzCore.framework/Versions/A/Frameworks/CoreImage.framework/Versions/A/CoreImage
0x00000000059e1000 	/System/Library/Frameworks/QuartzCore.framework/Versions/A/Frameworks/ScalableUserInterface.framework/Versions/A/ScalableUserInterface
0x00000000059e1000 	/System/Library/Frameworks/OpenGL.framework/Versions/A/Libraries/libGLU.dylib
0x00000000059e1000 	/System/Library/Frameworks/OpenGL.framework/Versions/A/Libraries/libGFXShared.dylib
0x00000000059e1000 	/System/Library/Frameworks/OpenGL.framework/Versions/A/Libraries/libGL.dylib
0x00000000059e1000 	/System/Library/Frameworks/OpenGL.framework/Versions/A/Libraries/libGLImage.dylib
0x00000000059e1000 	/System/Library/Frameworks/OpenGL.framework/Versions/A/Libraries/libCVMSPluginSupport.dylib
0x00000000059e1000 	/System/Library/Frameworks/OpenGL.framework/Versions/A/Libraries/libCoreVMClient.dylib
0x00000000059e1000 	/System/Library/PrivateFrameworks/FaceCore.framework/Versions/A/FaceCore
0x00000000059e1000 	/System/Library/PrivateFrameworks/CrashReporterSupport.framework/Versions/A/CrashReporterSupport
0x00000000059e1000 	/System/Library/Frameworks/OpenCL.framework/Versions/A/OpenCL
0x00000000059e1000 	/System/Library/PrivateFrameworks/AppleFSCompression.framework/Versions/A/AppleFSCompression
0x00000000059e1000 	/System/Library/PrivateFrameworks/Ubiquity.framework/Versions/A/Ubiquity
0x00000000059e1000 	/System/Library/PrivateFrameworks/IconServices.framework/Versions/A/IconServices
0x00000000059e1000 	/System/Library/PrivateFrameworks/ChunkingLibrary.framework/Versions/A/ChunkingLibrary
0x00000000059e1000 	/System/Library/PrivateFrameworks/CoreSymbolication.framework/Versions/A/CoreSymbolication
0x00000000059e1000 	/System/Library/PrivateFrameworks/Symbolication.framework/Versions/A/Symbolication
0x00000000059e1000 	/System/Library/PrivateFrameworks/DebugSymbols.framework/Versions/A/DebugSymbols
0x0000000101400000 	/Library/Java/JavaVirtualMachines/jdk1.8.0_11.jdk/Contents/Home/jre/lib/server/libjvm.dylib
0x00000000059e1000 	/usr/lib/libstdc++.6.dylib
0x000000010035a000 	/Library/Java/JavaVirtualMachines/jdk1.8.0_11.jdk/Contents/Home/jre/lib/libverify.dylib
0x0000000100368000 	/Library/Java/JavaVirtualMachines/jdk1.8.0_11.jdk/Contents/Home/jre/lib/libjava.dylib
0x00000001003a6000 	/Library/Java/JavaVirtualMachines/jdk1.8.0_11.jdk/Contents/Home/jre/lib/libzip.dylib
0x0000000116e1c000 	/System/Library/Frameworks/JavaVM.framework/Frameworks/JavaRuntimeSupport.framework/JavaRuntimeSupport
0x0000000116e34000 	/System/Library/Frameworks/JavaVM.framework/Versions/A/Frameworks/JavaNativeFoundation.framework/Versions/A/JavaNativeFoundation
0x00000001003ec000 	/System/Library/Frameworks/JavaVM.framework/Versions/A/JavaVM
0x00000000059e1000 	/System/Library/Frameworks/Carbon.framework/Versions/A/Carbon
0x0000000116e49000 	/System/Library/PrivateFrameworks/JavaLaunching.framework/Versions/A/JavaLaunching
0x00000000059e1000 	/System/Library/Frameworks/Carbon.framework/Versions/A/Frameworks/CommonPanels.framework/Versions/A/CommonPanels
0x00000000059e1000 	/System/Library/Frameworks/Carbon.framework/Versions/A/Frameworks/Help.framework/Versions/A/Help
0x00000000059e1000 	/System/Library/Frameworks/Carbon.framework/Versions/A/Frameworks/ImageCapture.framework/Versions/A/ImageCapture
0x00000000059e1000 	/System/Library/Frameworks/Carbon.framework/Versions/A/Frameworks/OpenScripting.framework/Versions/A/OpenScripting
0x00000000059e1000 	/System/Library/Frameworks/Carbon.framework/Versions/A/Frameworks/Print.framework/Versions/A/Print
0x00000000059e1000 	/System/Library/Frameworks/Carbon.framework/Versions/A/Frameworks/SecurityHI.framework/Versions/A/SecurityHI
0x00000001177a0000 	/Library/Java/JavaVirtualMachines/jdk1.8.0_11.jdk/Contents/Home/jre/lib/libnet.dylib
0x00000001177b6000 	/Library/Java/JavaVirtualMachines/jdk1.8.0_11.jdk/Contents/Home/jre/lib/libnio.dylib
0x000000011790d000 	/Library/Java/JavaVirtualMachines/jdk1.8.0_11.jdk/Contents/Home/jre/lib/libsunec.dylib

VM Arguments:
jvm_args: -Xms512M -Xmx1024M -Dclassworlds.conf=/Users/clunven/dev/app/apache-maven-3.2.2/bin/m2.conf -Dmaven.home=/Users/clunven/dev/app/apache-maven-3.2.2 
java_command: org.codehaus.plexus.classworlds.launcher.Launcher jetty:run
java_class_path (initial): /Users/clunven/dev/app/apache-maven-3.2.2/boot/plexus-classworlds-2.5.1.jar
Launcher Type: SUN_STANDARD

Environment Variables:
JAVA_HOME=/Library/Java/JavaVirtualMachines/jdk1.8.0_11.jdk/Contents/Home
PATH=/opt/local/bin:/opt/local/sbin:/Users/clunven/dev/app/mongodb-2.6.3/bin:/Users/clunven/dev/app/apache-maven-3.2.2/bin:/Users/clunven/dev/app/redis-2.8.13/src:/Users/clunven/dev/app/cloudbees-sdk-1.5.0:/usr/bin:/bin:/usr/sbin:/sbin:/usr/local/bin
SHELL=/bin/bash

Signal Handlers:
SIGSEGV: [libjvm.dylib+0x56059b], sa_mask[0]=0xfffefeff, sa_flags=0x00000043
SIGBUS: [libjvm.dylib+0x56059b], sa_mask[0]=0xfffefeff, sa_flags=0x00000042
SIGFPE: [libjvm.dylib+0x4438f2], sa_mask[0]=0xfffefeff, sa_flags=0x00000042
SIGPIPE: [libjvm.dylib+0x4438f2], sa_mask[0]=0xfffefeff, sa_flags=0x00000042
SIGXFSZ: [libjvm.dylib+0x4438f2], sa_mask[0]=0xfffefeff, sa_flags=0x00000042
SIGILL: [libjvm.dylib+0x4438f2], sa_mask[0]=0xfffefeff, sa_flags=0x00000042
SIGUSR1: SIG_DFL, sa_mask[0]=0x63807efb, sa_flags=0x00000000
SIGUSR2: [libjvm.dylib+0x443410], sa_mask[0]=0x00000000, sa_flags=0x00000042
SIGHUP: [libjvm.dylib+0x44179b], sa_mask[0]=0xfffefeff, sa_flags=0x00000042
SIGINT: [libjvm.dylib+0x44179b], sa_mask[0]=0xfffefeff, sa_flags=0x00000042
SIGTERM: [libjvm.dylib+0x44179b], sa_mask[0]=0xfffefeff, sa_flags=0x00000042
SIGQUIT: [libjvm.dylib+0x44179b], sa_mask[0]=0xfffefeff, sa_flags=0x00000042


---------------  S Y S T E M  ---------------

OS:Bsduname:Darwin 13.3.0 Darwin Kernel Version 13.3.0: Tue Jun  3 21:27:35 PDT 2014; root:xnu-2422.110.17~1/RELEASE_X86_64 x86_64
rlimit: STACK 8192k, CORE 0k, NPROC 709, NOFILE 10240, AS infinity
load average:1,66 1,77 1,69

CPU:total 8 (4 cores per cpu, 2 threads per core) family 6 model 70 stepping 1, cmov, cx8, fxsr, mmx, sse, sse2, sse3, ssse3, sse4.1, sse4.2, popcnt, avx, avx2, aes, clmul, erms, ht, tsc, tscinvbit

Memory: 4k page, physical 16777216k(1685536k free)

/proc/meminfo:


vm_info: Java HotSpot(TM) 64-Bit Server VM (25.11-b03) for bsd-amd64 JRE (1.8.0_11-b12), built on Jun 16 2014 17:39:42 by "java_re" with gcc 4.2.1 (Based on Apple Inc. build 5658) (LLVM build 2336.11.00)

time: Fri Oct 10 08:29:27 2014
elapsed time: 71 seconds

